<?xml version="1.0" encoding="UTF-8"?>
<!-- Generated by org.testng.reporters.JUnitReportReporter -->
<testsuite hostname="IN-PG02P5XG" failures="0" tests="1" name="AddToCartTestCases.AddToCartTest" time="18.846" errors="0" timestamp="01 Oct 2022 12:51:49 GMT" skipped="0">
  <testcase classname="AddToCartTestCases.AddToCartTest" name="testing_logIn" time="18.846"/>
</testsuite> <!-- AddToCartTestCases.AddToCartTest -->
