<?xml version="1.0" encoding="UTF-8"?>
<!-- Generated by org.testng.reporters.JUnitReportReporter -->
<testsuite hostname="IN-PG02P5XG" failures="0" tests="1" name="AmazonTestCases.NavigateTestCases" time="18.546" errors="0" timestamp="02 Jan 2023 13:39:17 GMT" skipped="0">
  <testcase classname="AmazonTestCases.NavigateTestCases" name="navigateTest" time="18.546"/>
</testsuite> <!-- AmazonTestCases.NavigateTestCases -->
