<?xml version="1.0" encoding="UTF-8"?>
<!-- Generated by org.testng.reporters.JUnitReportReporter -->
<testsuite hostname="IN-PG02P5XG" failures="0" tests="1" name="AmazonTestCases.FilterSearch" time="8.726" errors="0" timestamp="02 Oct 2022 11:08:54 GMT" skipped="0">
  <testcase classname="AmazonTestCases.FilterSearch" name="searchByCategory" time="8.726"/>
</testsuite> <!-- AmazonTestCases.FilterSearch -->
