<?xml version="1.0" encoding="UTF-8"?>
<!-- Generated by org.testng.reporters.JUnitReportReporter -->
<testsuite hostname="IN-PG02P5XG" failures="0" tests="2" name="AmazonTestCases.BuyNowTestCases" time="174.162" errors="0" timestamp="01 Oct 2022 21:56:09 GMT" skipped="0">
  <testcase classname="AmazonTestCases.BuyNowTestCases" name="buyNow" time="81.354"/>
  <testcase classname="AmazonTestCases.BuyNowTestCases" name="codPaymentMethod" time="92.808"/>
</testsuite> <!-- AmazonTestCases.BuyNowTestCases -->
