<?xml version="1.0" encoding="UTF-8"?>
<!-- Generated by org.testng.reporters.JUnitReportReporter -->
<testsuite hostname="IN-PG02P5XG" failures="0" tests="1" name="LogoutTestCases.LogOutTest" time="12.627" errors="0" timestamp="02 Oct 2022 13:58:16 GMT" skipped="0">
  <testcase classname="LogoutTestCases.LogOutTest" name="testing_logout" time="12.627"/>
</testsuite> <!-- LogoutTestCases.LogOutTest -->
