<?xml version="1.0" encoding="UTF-8"?>
<!-- Generated by org.testng.reporters.JUnitReportReporter -->
<testsuite hostname="IN-PG02P5XG" failures="0" tests="2" name="AmazonTestCases.SideBarTestCases" time="14.901" errors="0" timestamp="02 Oct 2022 09:11:04 GMT" skipped="0">
  <testcase classname="AmazonTestCases.SideBarTestCases" name="shopByCategory" time="7.800"/>
  <testcase classname="AmazonTestCases.SideBarTestCases" name="sidebar_DigitalContentAndDevices" time="7.101"/>
</testsuite> <!-- AmazonTestCases.SideBarTestCases -->
