<?xml version="1.0" encoding="UTF-8"?>
<!-- Generated by org.testng.reporters.JUnitReportReporter -->
<testsuite hostname="IN-PG02P5XG" failures="0" tests="1" name="AmazonAutomationAssignment.TestCases.LoginTest" time="12.494" errors="0" timestamp="27 Sep 2022 14:08:43 GMT" skipped="0">
  <testcase classname="AmazonAutomationAssignment.TestCases.LoginTest" name="testing_logIn" time="12.494"/>
</testsuite> <!-- AmazonAutomationAssignment.TestCases.LoginTest -->
