<?xml version="1.0" encoding="UTF-8"?>
<!-- Generated by org.testng.reporters.JUnitReportReporter -->
<testsuite hostname="IN-PG02P5XG" failures="0" tests="1" name="AmazonTestCases.LanguageTestCases" time="5.383" errors="0" timestamp="02 Oct 2022 17:36:20 GMT" skipped="0">
  <testcase classname="AmazonTestCases.LanguageTestCases" name="TestLanguageChange" time="5.383"/>
</testsuite> <!-- AmazonTestCases.LanguageTestCases -->
